<?xml version="1.0" encoding="UTF-8"?>
<testsuite xmlns:xsi="http://www.w3.org/2001/XMLSchema-instance" xsi:noNamespaceSchemaLocation="https://maven.apache.org/surefire/maven-surefire-plugin/xsd/surefire-test-report-3.0.xsd" version="3.0" name="ru.misskotik.LoginTest" time="15.787" tests="1" errors="1" skipped="0" failures="0">
  <properties>
    <property name="java.specification.version" value="17"/>
    <property name="webdriver.chrome.driver" value="/Users/lally/.cache/selenium/chromedriver/mac64/98.0.4758.102/chromedriver"/>
    <property name="sun.jnu.encoding" value="UTF-8"/>
    <property name="java.class.path" value="/Users/lally/Desktop/HW/PageObjHW6/PageObjHW6/target/test-classes:/Users/lally/Desktop/HW/PageObjHW6/PageObjHW6/target/classes:/Users/lally/.m2/repository/org/junit/jupiter/junit-jupiter-engine/5.6.2/junit-jupiter-engine-5.6.2.jar:/Users/lally/.m2/repository/org/apiguardian/apiguardian-api/1.1.0/apiguardian-api-1.1.0.jar:/Users/lally/.m2/repository/org/junit/platform/junit-platform-engine/1.6.2/junit-platform-engine-1.6.2.jar:/Users/lally/.m2/repository/org/opentest4j/opentest4j/1.2.0/opentest4j-1.2.0.jar:/Users/lally/.m2/repository/org/junit/platform/junit-platform-commons/1.6.2/junit-platform-commons-1.6.2.jar:/Users/lally/.m2/repository/org/junit/jupiter/junit-jupiter-api/5.6.2/junit-jupiter-api-5.6.2.jar:/Users/lally/.m2/repository/org/junit/jupiter/junit-jupiter-params/5.6.2/junit-jupiter-params-5.6.2.jar:/Users/lally/.m2/repository/ch/qos/logback/logback-classic/1.2.3/logback-classic-1.2.3.jar:/Users/lally/.m2/repository/ch/qos/logback/logback-core/1.2.3/logback-core-1.2.3.jar:/Users/lally/.m2/repository/org/slf4j/slf4j-api/1.7.25/slf4j-api-1.7.25.jar:/Users/lally/.m2/repository/org/seleniumhq/selenium/selenium-java/4.0.0/selenium-java-4.0.0.jar:/Users/lally/.m2/repository/org/seleniumhq/selenium/selenium-api/4.0.0/selenium-api-4.0.0.jar:/Users/lally/.m2/repository/org/seleniumhq/selenium/selenium-chrome-driver/4.0.0/selenium-chrome-driver-4.0.0.jar:/Users/lally/.m2/repository/com/google/auto/service/auto-service-annotations/1.0/auto-service-annotations-1.0.jar:/Users/lally/.m2/repository/com/google/auto/service/auto-service/1.0/auto-service-1.0.jar:/Users/lally/.m2/repository/com/google/auto/auto-common/1.0/auto-common-1.0.jar:/Users/lally/.m2/repository/org/seleniumhq/selenium/selenium-chromium-driver/4.0.0/selenium-chromium-driver-4.0.0.jar:/Users/lally/.m2/repository/org/seleniumhq/selenium/selenium-json/4.0.0/selenium-json-4.0.0.jar:/Users/lally/.m2/repository/org/seleniumhq/selenium/selenium-devtools-v85/4.0.0/selenium-devtools-v85-4.0.0.jar:/Users/lally/.m2/repository/org/seleniumhq/selenium/selenium-devtools-v93/4.0.0/selenium-devtools-v93-4.0.0.jar:/Users/lally/.m2/repository/org/seleniumhq/selenium/selenium-devtools-v94/4.0.0/selenium-devtools-v94-4.0.0.jar:/Users/lally/.m2/repository/org/seleniumhq/selenium/selenium-devtools-v95/4.0.0/selenium-devtools-v95-4.0.0.jar:/Users/lally/.m2/repository/org/seleniumhq/selenium/selenium-edge-driver/4.0.0/selenium-edge-driver-4.0.0.jar:/Users/lally/.m2/repository/org/seleniumhq/selenium/selenium-firefox-driver/4.0.0/selenium-firefox-driver-4.0.0.jar:/Users/lally/.m2/repository/org/seleniumhq/selenium/selenium-firefox-xpi-driver/4.0.0/selenium-firefox-xpi-driver-4.0.0.jar:/Users/lally/.m2/repository/org/seleniumhq/selenium/selenium-ie-driver/4.0.0/selenium-ie-driver-4.0.0.jar:/Users/lally/.m2/repository/org/seleniumhq/selenium/selenium-opera-driver/4.0.0/selenium-opera-driver-4.0.0.jar:/Users/lally/.m2/repository/org/seleniumhq/selenium/selenium-remote-driver/4.0.0/selenium-remote-driver-4.0.0.jar:/Users/lally/.m2/repository/com/beust/jcommander/1.81/jcommander-1.81.jar:/Users/lally/.m2/repository/io/netty/netty-buffer/4.1.68.Final/netty-buffer-4.1.68.Final.jar:/Users/lally/.m2/repository/io/netty/netty-codec-http/4.1.67.Final/netty-codec-http-4.1.67.Final.jar:/Users/lally/.m2/repository/io/netty/netty-codec/4.1.67.Final/netty-codec-4.1.67.Final.jar:/Users/lally/.m2/repository/io/netty/netty-handler/4.1.67.Final/netty-handler-4.1.67.Final.jar:/Users/lally/.m2/repository/io/netty/netty-common/4.1.68.Final/netty-common-4.1.68.Final.jar:/Users/lally/.m2/repository/io/netty/netty-transport-native-epoll/4.1.67.Final/netty-transport-native-epoll-4.1.67.Final.jar:/Users/lally/.m2/repository/io/netty/netty-transport-native-kqueue/4.1.67.Final/netty-transport-native-kqueue-4.1.67.Final.jar:/Users/lally/.m2/repository/io/netty/netty-transport-native-unix-common/4.1.67.Final/netty-transport-native-unix-common-4.1.67.Final.jar:/Users/lally/.m2/repository/io/netty/netty-transport/4.1.68.Final/netty-transport-4.1.68.Final.jar:/Users/lally/.m2/repository/io/netty/netty-resolver/4.1.68.Final/netty-resolver-4.1.68.Final.jar:/Users/lally/.m2/repository/io/opentelemetry/opentelemetry-api/1.6.0/opentelemetry-api-1.6.0.jar:/Users/lally/.m2/repository/io/opentelemetry/opentelemetry-context/1.6.0/opentelemetry-context-1.6.0.jar:/Users/lally/.m2/repository/io/opentelemetry/opentelemetry-exporter-logging/1.6.0/opentelemetry-exporter-logging-1.6.0.jar:/Users/lally/.m2/repository/io/opentelemetry/opentelemetry-sdk-metrics/1.6.0-alpha/opentelemetry-sdk-metrics-1.6.0-alpha.jar:/Users/lally/.m2/repository/io/opentelemetry/opentelemetry-sdk-common/1.6.0/opentelemetry-sdk-common-1.6.0.jar:/Users/lally/.m2/repository/io/opentelemetry/opentelemetry-sdk-extension-autoconfigure-spi/1.6.0/opentelemetry-sdk-extension-autoconfigure-spi-1.6.0.jar:/Users/lally/.m2/repository/io/opentelemetry/opentelemetry-sdk-extension-autoconfigure/1.6.0-alpha/opentelemetry-sdk-extension-autoconfigure-1.6.0-alpha.jar:/Users/lally/.m2/repository/io/opentelemetry/opentelemetry-sdk-trace/1.6.0/opentelemetry-sdk-trace-1.6.0.jar:/Users/lally/.m2/repository/io/opentelemetry/opentelemetry-api-metrics/1.6.0-alpha/opentelemetry-api-metrics-1.6.0-alpha.jar:/Users/lally/.m2/repository/io/opentelemetry/opentelemetry-sdk/1.6.0/opentelemetry-sdk-1.6.0.jar:/Users/lally/.m2/repository/io/opentelemetry/opentelemetry-semconv/1.6.0-alpha/opentelemetry-semconv-1.6.0-alpha.jar:/Users/lally/.m2/repository/io/ous/jtoml/2.0.0/jtoml-2.0.0.jar:/Users/lally/.m2/repository/net/bytebuddy/byte-buddy/1.11.19/byte-buddy-1.11.19.jar:/Users/lally/.m2/repository/org/apache/commons/commons-exec/1.3/commons-exec-1.3.jar:/Users/lally/.m2/repository/org/asynchttpclient/async-http-client/2.12.3/async-http-client-2.12.3.jar:/Users/lally/.m2/repository/org/asynchttpclient/async-http-client-netty-utils/2.12.3/async-http-client-netty-utils-2.12.3.jar:/Users/lally/.m2/repository/io/netty/netty-codec-socks/4.1.60.Final/netty-codec-socks-4.1.60.Final.jar:/Users/lally/.m2/repository/io/netty/netty-handler-proxy/4.1.60.Final/netty-handler-proxy-4.1.60.Final.jar:/Users/lally/.m2/repository/io/netty/netty-transport-native-epoll/4.1.60.Final/netty-transport-native-epoll-4.1.60.Final-linux-x86_64.jar:/Users/lally/.m2/repository/io/netty/netty-transport-native-kqueue/4.1.60.Final/netty-transport-native-kqueue-4.1.60.Final-osx-x86_64.jar:/Users/lally/.m2/repository/org/reactivestreams/reactive-streams/1.0.3/reactive-streams-1.0.3.jar:/Users/lally/.m2/repository/com/typesafe/netty/netty-reactive-streams/2.0.4/netty-reactive-streams-2.0.4.jar:/Users/lally/.m2/repository/com/sun/activation/jakarta.activation/1.2.2/jakarta.activation-1.2.2.jar:/Users/lally/.m2/repository/org/seleniumhq/selenium/selenium-http/4.0.0/selenium-http-4.0.0.jar:/Users/lally/.m2/repository/org/seleniumhq/selenium/selenium-safari-driver/4.0.0/selenium-safari-driver-4.0.0.jar:/Users/lally/.m2/repository/org/seleniumhq/selenium/selenium-support/4.0.0/selenium-support-4.0.0.jar:/Users/lally/.m2/repository/io/github/bonigarcia/webdrivermanager/5.0.3/webdrivermanager-5.0.3.jar:/Users/lally/.m2/repository/com/google/code/gson/gson/2.8.8/gson-2.8.8.jar:/Users/lally/.m2/repository/org/jsoup/jsoup/1.14.2/jsoup-1.14.2.jar:/Users/lally/.m2/repository/com/github/docker-java/docker-java/3.2.12/docker-java-3.2.12.jar:/Users/lally/.m2/repository/com/github/docker-java/docker-java-core/3.2.12/docker-java-core-3.2.12.jar:/Users/lally/.m2/repository/com/github/docker-java/docker-java-api/3.2.12/docker-java-api-3.2.12.jar:/Users/lally/.m2/repository/com/fasterxml/jackson/core/jackson-annotations/2.10.3/jackson-annotations-2.10.3.jar:/Users/lally/.m2/repository/commons-io/commons-io/2.6/commons-io-2.6.jar:/Users/lally/.m2/repository/org/apache/commons/commons-compress/1.21/commons-compress-1.21.jar:/Users/lally/.m2/repository/commons-lang/commons-lang/2.6/commons-lang-2.6.jar:/Users/lally/.m2/repository/com/fasterxml/jackson/core/jackson-databind/2.10.3/jackson-databind-2.10.3.jar:/Users/lally/.m2/repository/com/fasterxml/jackson/core/jackson-core/2.10.3/jackson-core-2.10.3.jar:/Users/lally/.m2/repository/org/bouncycastle/bcpkix-jdk15on/1.64/bcpkix-jdk15on-1.64.jar:/Users/lally/.m2/repository/org/bouncycastle/bcprov-jdk15on/1.64/bcprov-jdk15on-1.64.jar:/Users/lally/.m2/repository/org/slf4j/jcl-over-slf4j/1.7.30/jcl-over-slf4j-1.7.30.jar:/Users/lally/.m2/repository/com/github/docker-java/docker-java-transport-httpclient5/3.2.12/docker-java-transport-httpclient5-3.2.12.jar:/Users/lally/.m2/repository/com/github/docker-java/docker-java-transport/3.2.12/docker-java-transport-3.2.12.jar:/Users/lally/.m2/repository/org/apache/httpcomponents/client5/httpclient5/5.0.3/httpclient5-5.0.3.jar:/Users/lally/.m2/repository/org/apache/httpcomponents/core5/httpcore5/5.0.2/httpcore5-5.0.2.jar:/Users/lally/.m2/repository/commons-codec/commons-codec/1.13/commons-codec-1.13.jar:/Users/lally/.m2/repository/net/java/dev/jna/jna/5.8.0/jna-5.8.0.jar:/Users/lally/.m2/repository/com/google/guava/guava/30.1.1-jre/guava-30.1.1-jre.jar:/Users/lally/.m2/repository/com/google/guava/failureaccess/1.0.1/failureaccess-1.0.1.jar:/Users/lally/.m2/repository/com/google/guava/listenablefuture/9999.0-empty-to-avoid-conflict-with-guava/listenablefuture-9999.0-empty-to-avoid-conflict-with-guava.jar:/Users/lally/.m2/repository/com/google/code/findbugs/jsr305/3.0.2/jsr305-3.0.2.jar:/Users/lally/.m2/repository/org/checkerframework/checker-qual/3.8.0/checker-qual-3.8.0.jar:/Users/lally/.m2/repository/com/google/errorprone/error_prone_annotations/2.5.1/error_prone_annotations-2.5.1.jar:/Users/lally/.m2/repository/com/google/j2objc/j2objc-annotations/1.3/j2objc-annotations-1.3.jar:/Users/lally/.m2/repository/org/brotli/dec/0.1.2/dec-0.1.2.jar:"/>
    <property name="java.vm.vendor" value="Oracle Corporation"/>
    <property name="sun.arch.data.model" value="64"/>
    <property name="java.vendor.url" value="https://java.oracle.com/"/>
    <property name="user.timezone" value="Europe/Moscow"/>
    <property name="os.name" value="Mac OS X"/>
    <property name="java.vm.specification.version" value="17"/>
    <property name="sun.java.launcher" value="SUN_STANDARD"/>
    <property name="user.country" value="RU"/>
    <property name="sun.boot.library.path" value="/Users/lally/Library/Java/JavaVirtualMachines/openjdk-17.0.1/Contents/Home/lib"/>
    <property name="sun.java.command" value="/Users/lally/Desktop/HW/PageObjHW6/PageObjHW6/target/surefire/surefirebooter8468415768321141764.jar /Users/lally/Desktop/HW/PageObjHW6/PageObjHW6/target/surefire 2022-02-26T19-45-27_250-jvmRun1 surefire13688542856311995020tmp surefire_06632975062933188378tmp"/>
    <property name="jdk.debug" value="release"/>
    <property name="surefire.test.class.path" value="/Users/lally/Desktop/HW/PageObjHW6/PageObjHW6/target/test-classes:/Users/lally/Desktop/HW/PageObjHW6/PageObjHW6/target/classes:/Users/lally/.m2/repository/org/junit/jupiter/junit-jupiter-engine/5.6.2/junit-jupiter-engine-5.6.2.jar:/Users/lally/.m2/repository/org/apiguardian/apiguardian-api/1.1.0/apiguardian-api-1.1.0.jar:/Users/lally/.m2/repository/org/junit/platform/junit-platform-engine/1.6.2/junit-platform-engine-1.6.2.jar:/Users/lally/.m2/repository/org/opentest4j/opentest4j/1.2.0/opentest4j-1.2.0.jar:/Users/lally/.m2/repository/org/junit/platform/junit-platform-commons/1.6.2/junit-platform-commons-1.6.2.jar:/Users/lally/.m2/repository/org/junit/jupiter/junit-jupiter-api/5.6.2/junit-jupiter-api-5.6.2.jar:/Users/lally/.m2/repository/org/junit/jupiter/junit-jupiter-params/5.6.2/junit-jupiter-params-5.6.2.jar:/Users/lally/.m2/repository/ch/qos/logback/logback-classic/1.2.3/logback-classic-1.2.3.jar:/Users/lally/.m2/repository/ch/qos/logback/logback-core/1.2.3/logback-core-1.2.3.jar:/Users/lally/.m2/repository/org/slf4j/slf4j-api/1.7.25/slf4j-api-1.7.25.jar:/Users/lally/.m2/repository/org/seleniumhq/selenium/selenium-java/4.0.0/selenium-java-4.0.0.jar:/Users/lally/.m2/repository/org/seleniumhq/selenium/selenium-api/4.0.0/selenium-api-4.0.0.jar:/Users/lally/.m2/repository/org/seleniumhq/selenium/selenium-chrome-driver/4.0.0/selenium-chrome-driver-4.0.0.jar:/Users/lally/.m2/repository/com/google/auto/service/auto-service-annotations/1.0/auto-service-annotations-1.0.jar:/Users/lally/.m2/repository/com/google/auto/service/auto-service/1.0/auto-service-1.0.jar:/Users/lally/.m2/repository/com/google/auto/auto-common/1.0/auto-common-1.0.jar:/Users/lally/.m2/repository/org/seleniumhq/selenium/selenium-chromium-driver/4.0.0/selenium-chromium-driver-4.0.0.jar:/Users/lally/.m2/repository/org/seleniumhq/selenium/selenium-json/4.0.0/selenium-json-4.0.0.jar:/Users/lally/.m2/repository/org/seleniumhq/selenium/selenium-devtools-v85/4.0.0/selenium-devtools-v85-4.0.0.jar:/Users/lally/.m2/repository/org/seleniumhq/selenium/selenium-devtools-v93/4.0.0/selenium-devtools-v93-4.0.0.jar:/Users/lally/.m2/repository/org/seleniumhq/selenium/selenium-devtools-v94/4.0.0/selenium-devtools-v94-4.0.0.jar:/Users/lally/.m2/repository/org/seleniumhq/selenium/selenium-devtools-v95/4.0.0/selenium-devtools-v95-4.0.0.jar:/Users/lally/.m2/repository/org/seleniumhq/selenium/selenium-edge-driver/4.0.0/selenium-edge-driver-4.0.0.jar:/Users/lally/.m2/repository/org/seleniumhq/selenium/selenium-firefox-driver/4.0.0/selenium-firefox-driver-4.0.0.jar:/Users/lally/.m2/repository/org/seleniumhq/selenium/selenium-firefox-xpi-driver/4.0.0/selenium-firefox-xpi-driver-4.0.0.jar:/Users/lally/.m2/repository/org/seleniumhq/selenium/selenium-ie-driver/4.0.0/selenium-ie-driver-4.0.0.jar:/Users/lally/.m2/repository/org/seleniumhq/selenium/selenium-opera-driver/4.0.0/selenium-opera-driver-4.0.0.jar:/Users/lally/.m2/repository/org/seleniumhq/selenium/selenium-remote-driver/4.0.0/selenium-remote-driver-4.0.0.jar:/Users/lally/.m2/repository/com/beust/jcommander/1.81/jcommander-1.81.jar:/Users/lally/.m2/repository/io/netty/netty-buffer/4.1.68.Final/netty-buffer-4.1.68.Final.jar:/Users/lally/.m2/repository/io/netty/netty-codec-http/4.1.67.Final/netty-codec-http-4.1.67.Final.jar:/Users/lally/.m2/repository/io/netty/netty-codec/4.1.67.Final/netty-codec-4.1.67.Final.jar:/Users/lally/.m2/repository/io/netty/netty-handler/4.1.67.Final/netty-handler-4.1.67.Final.jar:/Users/lally/.m2/repository/io/netty/netty-common/4.1.68.Final/netty-common-4.1.68.Final.jar:/Users/lally/.m2/repository/io/netty/netty-transport-native-epoll/4.1.67.Final/netty-transport-native-epoll-4.1.67.Final.jar:/Users/lally/.m2/repository/io/netty/netty-transport-native-kqueue/4.1.67.Final/netty-transport-native-kqueue-4.1.67.Final.jar:/Users/lally/.m2/repository/io/netty/netty-transport-native-unix-common/4.1.67.Final/netty-transport-native-unix-common-4.1.67.Final.jar:/Users/lally/.m2/repository/io/netty/netty-transport/4.1.68.Final/netty-transport-4.1.68.Final.jar:/Users/lally/.m2/repository/io/netty/netty-resolver/4.1.68.Final/netty-resolver-4.1.68.Final.jar:/Users/lally/.m2/repository/io/opentelemetry/opentelemetry-api/1.6.0/opentelemetry-api-1.6.0.jar:/Users/lally/.m2/repository/io/opentelemetry/opentelemetry-context/1.6.0/opentelemetry-context-1.6.0.jar:/Users/lally/.m2/repository/io/opentelemetry/opentelemetry-exporter-logging/1.6.0/opentelemetry-exporter-logging-1.6.0.jar:/Users/lally/.m2/repository/io/opentelemetry/opentelemetry-sdk-metrics/1.6.0-alpha/opentelemetry-sdk-metrics-1.6.0-alpha.jar:/Users/lally/.m2/repository/io/opentelemetry/opentelemetry-sdk-common/1.6.0/opentelemetry-sdk-common-1.6.0.jar:/Users/lally/.m2/repository/io/opentelemetry/opentelemetry-sdk-extension-autoconfigure-spi/1.6.0/opentelemetry-sdk-extension-autoconfigure-spi-1.6.0.jar:/Users/lally/.m2/repository/io/opentelemetry/opentelemetry-sdk-extension-autoconfigure/1.6.0-alpha/opentelemetry-sdk-extension-autoconfigure-1.6.0-alpha.jar:/Users/lally/.m2/repository/io/opentelemetry/opentelemetry-sdk-trace/1.6.0/opentelemetry-sdk-trace-1.6.0.jar:/Users/lally/.m2/repository/io/opentelemetry/opentelemetry-api-metrics/1.6.0-alpha/opentelemetry-api-metrics-1.6.0-alpha.jar:/Users/lally/.m2/repository/io/opentelemetry/opentelemetry-sdk/1.6.0/opentelemetry-sdk-1.6.0.jar:/Users/lally/.m2/repository/io/opentelemetry/opentelemetry-semconv/1.6.0-alpha/opentelemetry-semconv-1.6.0-alpha.jar:/Users/lally/.m2/repository/io/ous/jtoml/2.0.0/jtoml-2.0.0.jar:/Users/lally/.m2/repository/net/bytebuddy/byte-buddy/1.11.19/byte-buddy-1.11.19.jar:/Users/lally/.m2/repository/org/apache/commons/commons-exec/1.3/commons-exec-1.3.jar:/Users/lally/.m2/repository/org/asynchttpclient/async-http-client/2.12.3/async-http-client-2.12.3.jar:/Users/lally/.m2/repository/org/asynchttpclient/async-http-client-netty-utils/2.12.3/async-http-client-netty-utils-2.12.3.jar:/Users/lally/.m2/repository/io/netty/netty-codec-socks/4.1.60.Final/netty-codec-socks-4.1.60.Final.jar:/Users/lally/.m2/repository/io/netty/netty-handler-proxy/4.1.60.Final/netty-handler-proxy-4.1.60.Final.jar:/Users/lally/.m2/repository/io/netty/netty-transport-native-epoll/4.1.60.Final/netty-transport-native-epoll-4.1.60.Final-linux-x86_64.jar:/Users/lally/.m2/repository/io/netty/netty-transport-native-kqueue/4.1.60.Final/netty-transport-native-kqueue-4.1.60.Final-osx-x86_64.jar:/Users/lally/.m2/repository/org/reactivestreams/reactive-streams/1.0.3/reactive-streams-1.0.3.jar:/Users/lally/.m2/repository/com/typesafe/netty/netty-reactive-streams/2.0.4/netty-reactive-streams-2.0.4.jar:/Users/lally/.m2/repository/com/sun/activation/jakarta.activation/1.2.2/jakarta.activation-1.2.2.jar:/Users/lally/.m2/repository/org/seleniumhq/selenium/selenium-http/4.0.0/selenium-http-4.0.0.jar:/Users/lally/.m2/repository/org/seleniumhq/selenium/selenium-safari-driver/4.0.0/selenium-safari-driver-4.0.0.jar:/Users/lally/.m2/repository/org/seleniumhq/selenium/selenium-support/4.0.0/selenium-support-4.0.0.jar:/Users/lally/.m2/repository/io/github/bonigarcia/webdrivermanager/5.0.3/webdrivermanager-5.0.3.jar:/Users/lally/.m2/repository/com/google/code/gson/gson/2.8.8/gson-2.8.8.jar:/Users/lally/.m2/repository/org/jsoup/jsoup/1.14.2/jsoup-1.14.2.jar:/Users/lally/.m2/repository/com/github/docker-java/docker-java/3.2.12/docker-java-3.2.12.jar:/Users/lally/.m2/repository/com/github/docker-java/docker-java-core/3.2.12/docker-java-core-3.2.12.jar:/Users/lally/.m2/repository/com/github/docker-java/docker-java-api/3.2.12/docker-java-api-3.2.12.jar:/Users/lally/.m2/repository/com/fasterxml/jackson/core/jackson-annotations/2.10.3/jackson-annotations-2.10.3.jar:/Users/lally/.m2/repository/commons-io/commons-io/2.6/commons-io-2.6.jar:/Users/lally/.m2/repository/org/apache/commons/commons-compress/1.21/commons-compress-1.21.jar:/Users/lally/.m2/repository/commons-lang/commons-lang/2.6/commons-lang-2.6.jar:/Users/lally/.m2/repository/com/fasterxml/jackson/core/jackson-databind/2.10.3/jackson-databind-2.10.3.jar:/Users/lally/.m2/repository/com/fasterxml/jackson/core/jackson-core/2.10.3/jackson-core-2.10.3.jar:/Users/lally/.m2/repository/org/bouncycastle/bcpkix-jdk15on/1.64/bcpkix-jdk15on-1.64.jar:/Users/lally/.m2/repository/org/bouncycastle/bcprov-jdk15on/1.64/bcprov-jdk15on-1.64.jar:/Users/lally/.m2/repository/org/slf4j/jcl-over-slf4j/1.7.30/jcl-over-slf4j-1.7.30.jar:/Users/lally/.m2/repository/com/github/docker-java/docker-java-transport-httpclient5/3.2.12/docker-java-transport-httpclient5-3.2.12.jar:/Users/lally/.m2/repository/com/github/docker-java/docker-java-transport/3.2.12/docker-java-transport-3.2.12.jar:/Users/lally/.m2/repository/org/apache/httpcomponents/client5/httpclient5/5.0.3/httpclient5-5.0.3.jar:/Users/lally/.m2/repository/org/apache/httpcomponents/core5/httpcore5/5.0.2/httpcore5-5.0.2.jar:/Users/lally/.m2/repository/commons-codec/commons-codec/1.13/commons-codec-1.13.jar:/Users/lally/.m2/repository/net/java/dev/jna/jna/5.8.0/jna-5.8.0.jar:/Users/lally/.m2/repository/com/google/guava/guava/30.1.1-jre/guava-30.1.1-jre.jar:/Users/lally/.m2/repository/com/google/guava/failureaccess/1.0.1/failureaccess-1.0.1.jar:/Users/lally/.m2/repository/com/google/guava/listenablefuture/9999.0-empty-to-avoid-conflict-with-guava/listenablefuture-9999.0-empty-to-avoid-conflict-with-guava.jar:/Users/lally/.m2/repository/com/google/code/findbugs/jsr305/3.0.2/jsr305-3.0.2.jar:/Users/lally/.m2/repository/org/checkerframework/checker-qual/3.8.0/checker-qual-3.8.0.jar:/Users/lally/.m2/repository/com/google/errorprone/error_prone_annotations/2.5.1/error_prone_annotations-2.5.1.jar:/Users/lally/.m2/repository/com/google/j2objc/j2objc-annotations/1.3/j2objc-annotations-1.3.jar:/Users/lally/.m2/repository/org/brotli/dec/0.1.2/dec-0.1.2.jar:"/>
    <property name="sun.cpu.endian" value="little"/>
    <property name="user.home" value="/Users/lally"/>
    <property name="user.language" value="ru"/>
    <property name="java.specification.vendor" value="Oracle Corporation"/>
    <property name="java.version.date" value="2021-10-19"/>
    <property name="java.home" value="/Users/lally/Library/Java/JavaVirtualMachines/openjdk-17.0.1/Contents/Home"/>
    <property name="file.separator" value="/"/>
    <property name="basedir" value="/Users/lally/Desktop/HW/PageObjHW6/PageObjHW6"/>
    <property name="java.vm.compressedOopsMode" value="Zero based"/>
    <property name="line.separator" value="&#10;"/>
    <property name="java.specification.name" value="Java Platform API Specification"/>
    <property name="java.vm.specification.vendor" value="Oracle Corporation"/>
    <property name="surefire.real.class.path" value="/Users/lally/Desktop/HW/PageObjHW6/PageObjHW6/target/surefire/surefirebooter8468415768321141764.jar"/>
    <property name="sun.management.compiler" value="HotSpot 64-Bit Tiered Compilers"/>
    <property name="java.runtime.version" value="17.0.1+12-39"/>
    <property name="user.name" value="lally"/>
    <property name="path.separator" value=":"/>
    <property name="os.version" value="11.6"/>
    <property name="java.runtime.name" value="OpenJDK Runtime Environment"/>
    <property name="file.encoding" value="UTF-8"/>
    <property name="sun.nio.ch.bugLevel" value=""/>
    <property name="java.vm.name" value="OpenJDK 64-Bit Server VM"/>
    <property name="localRepository" value="/Users/lally/.m2/repository"/>
    <property name="java.vendor.url.bug" value="https://bugreport.java.com/bugreport/"/>
    <property name="java.io.tmpdir" value="/var/folders/r3/m6r6c5ks2hl9s122d6lf3zbh0000gn/T/"/>
    <property name="idea.version" value="2021.1"/>
    <property name="java.version" value="17.0.1"/>
    <property name="user.dir" value="/Users/lally/Desktop/HW/PageObjHW6/PageObjHW6"/>
    <property name="os.arch" value="x86_64"/>
    <property name="java.vm.specification.name" value="Java Virtual Machine Specification"/>
    <property name="native.encoding" value="UTF-8"/>
    <property name="java.library.path" value="/Users/lally/Library/Java/Extensions:/Library/Java/Extensions:/Network/Library/Java/Extensions:/System/Library/Java/Extensions:/usr/lib/java:."/>
    <property name="java.vm.info" value="mixed mode, sharing"/>
    <property name="java.vendor" value="Oracle Corporation"/>
    <property name="java.vm.version" value="17.0.1+12-39"/>
    <property name="sun.io.unicode.encoding" value="UnicodeBig"/>
    <property name="java.class.version" value="61.0"/>
  </properties>
  <testcase name="loginIn" classname="ru.misskotik.LoginTest" time="8.275">
    <error type="org.openqa.selenium.NoSuchElementException"><![CDATA[org.openqa.selenium.NoSuchElementException: 
no such element: Unable to locate element: {"method":"css selector","selector":"#user\-name"}
  (Session info: chrome=98.0.4758.109)
For documentation on this error, please visit: https://selenium.dev/exceptions/#no_such_element
Build info: version: '4.0.0', revision: '3a21814679'
System info: host: 'MacBook-Air-lally.local', ip: 'fe80:0:0:0:838:2fc5:4cc0:a39c%en0', os.name: 'Mac OS X', os.arch: 'x86_64', os.version: '11.6', java.version: '17.0.1'
Driver info: org.openqa.selenium.chrome.ChromeDriver
Command: [66dde07fd2bda29809aa9ac718ee9c22, findElement {using=id, value=user-name}]
Capabilities {acceptInsecureCerts: false, browserName: chrome, browserVersion: 98.0.4758.109, chrome: {chromedriverVersion: 98.0.4758.102 (273bf7ac8c90..., userDataDir: /var/folders/r3/m6r6c5ks2hl...}, goog:chromeOptions: {debuggerAddress: localhost:49631}, javascriptEnabled: true, networkConnectionEnabled: false, pageLoadStrategy: normal, platform: MAC, platformName: MAC, proxy: Proxy(), se:cdp: ws://localhost:49631/devtoo..., se:cdpVersion: 98.0.4758.109, setWindowRect: true, strictFileInteractability: false, timeouts: {implicit: 0, pageLoad: 300000, script: 30000}, unhandledPromptBehavior: dismiss and notify, webauthn:extension:credBlob: true, webauthn:extension:largeBlob: true, webauthn:virtualAuthenticators: true}
Session ID: 66dde07fd2bda29809aa9ac718ee9c22
	at ru.misskotik.LoginTest.loginIn(LoginTest.java:12)
]]></error>
    <system-out><![CDATA[19:46:15.637 [main] DEBUG io.github.bonigarcia.wdm.cache.ResolutionCache - Resolution chrome=98 in cache (valid until 20:35:52 26/02/2022 MSK)
19:46:15.639 [main] DEBUG io.github.bonigarcia.wdm.cache.ResolutionCache - Resolution chrome98=98.0.4758.102 in cache (valid until 15:28:02 27/02/2022 MSK)
19:46:15.639 [main] INFO io.github.bonigarcia.wdm.WebDriverManager - Using chromedriver 98.0.4758.102 (resolved driver for Chrome 98)
19:46:15.658 [main] DEBUG io.github.bonigarcia.wdm.WebDriverManager - Driver chromedriver 98.0.4758.102 found in cache
19:46:15.660 [main] INFO io.github.bonigarcia.wdm.WebDriverManager - Exporting webdriver.chrome.driver as /Users/lally/.cache/selenium/chromedriver/mac64/98.0.4758.102/chromedriver
19:46:15.892 [AsyncHttpClient-1-5] DEBUG org.asynchttpclient.netty.channel.NettyConnectListener - Using new Channel '[id: 0x836ca8f8, L:/127.0.0.1:49630 - R:localhost/127.0.0.1:60517]' for 'POST' to '/session'
19:46:16.548 [AsyncHttpClient-1-1] DEBUG org.asynchttpclient.netty.channel.DefaultChannelPool - Entry count for : http://localhost:64038 : 1
19:46:16.548 [AsyncHttpClient-1-1] DEBUG org.asynchttpclient.netty.channel.DefaultChannelPool - Adding Candidate expired Channel [id: 0xae1c7dd0, L:/127.0.0.1:49613 ! R:localhost/127.0.0.1:64038] isIdleTimeoutExpired=false isRemotelyClosed=true isTtlExpired=false
19:46:16.548 [AsyncHttpClient-1-1] DEBUG org.asynchttpclient.netty.channel.DefaultChannelPool - Closing Idle Channel [id: 0xae1c7dd0, L:/127.0.0.1:49613 ! R:localhost/127.0.0.1:64038]
19:46:16.548 [AsyncHttpClient-1-1] DEBUG org.asynchttpclient.netty.channel.DefaultChannelPool - Closed 1 connections out of 1 in 0 ms
19:46:22.535 [AsyncHttpClient-1-5] DEBUG org.asynchttpclient.netty.handler.HttpHandler - 

Request DefaultHttpRequest(decodeResult: success, version: HTTP/1.1)
POST /session HTTP/1.1
User-Agent: selenium/4.0.0 (java mac)
Content-Length: 543
Content-Type: application/json; charset=utf-8
host: localhost:60517
accept: */*

Response DefaultHttpResponse(decodeResult: success, version: HTTP/1.1)
HTTP/1.1 200 OK
Content-Type: application/json; charset=utf-8
cache-control: no-cache
content-length: 800

19:46:22.536 [AsyncHttpClient-1-5] DEBUG org.asynchttpclient.netty.channel.ChannelManager - Adding key: http://localhost:60517 for channel [id: 0x836ca8f8, L:/127.0.0.1:49630 - R:localhost/127.0.0.1:60517]
19:46:22.557 [AsyncHttpClient-1-6] DEBUG org.asynchttpclient.netty.channel.NettyConnectListener - Using new Channel '[id: 0x5f0731a7, L:/127.0.0.1:49635 - R:localhost/127.0.0.1:49631]' for 'GET' to '/json/version'
19:46:22.580 [AsyncHttpClient-1-6] DEBUG org.asynchttpclient.netty.handler.HttpHandler - 

Request DefaultFullHttpRequest(decodeResult: success, version: HTTP/1.1, content: EmptyByteBufBE)
GET /json/version HTTP/1.1
User-Agent: selenium/4.0.0 (java mac)
host: localhost:49631
accept: */*

Response DefaultHttpResponse(decodeResult: success, version: HTTP/1.1)
HTTP/1.1 200 OK
Content-Type: application/json; charset=UTF-8
content-length: 424

19:46:22.582 [AsyncHttpClient-1-6] DEBUG org.asynchttpclient.netty.channel.ChannelManager - Adding key: http://localhost:49631 for channel [id: 0x5f0731a7, L:/127.0.0.1:49635 - R:localhost/127.0.0.1:49631]
19:46:22.587 [AsyncHttpClient-1-7] DEBUG org.asynchttpclient.netty.channel.NettyConnectListener - Using new Channel '[id: 0x0c659252, L:/127.0.0.1:49636 - R:localhost/127.0.0.1:49631]' for 'GET' to '/devtools/browser/e01eccf3-626b-491c-af73-334de5cedb81'
19:46:22.683 [AsyncHttpClient-1-7] DEBUG org.asynchttpclient.netty.handler.WebSocketHandler - 

Request DefaultFullHttpRequest(decodeResult: success, version: HTTP/1.1, content: EmptyByteBufBE)
GET /devtools/browser/e01eccf3-626b-491c-af73-334de5cedb81 HTTP/1.1
upgrade: websocket
connection: upgrade
sec-websocket-key: X/qISEHMOgIsV+s5bODdlw==
sec-websocket-version: 13
origin: http://localhost:49631
host: localhost:49631
accept: */*
user-agent: AHC/2.1

Response DefaultHttpResponse(decodeResult: success, version: HTTP/1.1)
HTTP/1.1 101 WebSocket Protocol Handshake
Upgrade: WebSocket
Connection: Upgrade
Sec-WebSocket-Accept: MQe6FIwxOjsuTeTKf5PNt2odH6U=

19:46:22.700 [Forwarding setTimeout on session 66dde07fd2bda29809aa9ac718ee9c22 to remote] DEBUG org.asynchttpclient.netty.request.NettyRequestSender - Using pooled Channel '[id: 0x836ca8f8, L:/127.0.0.1:49630 - R:localhost/127.0.0.1:60517]' for 'POST' to 'http://localhost:60517/session/66dde07fd2bda29809aa9ac718ee9c22/timeouts'
19:46:22.701 [Forwarding setTimeout on session 66dde07fd2bda29809aa9ac718ee9c22 to remote] DEBUG org.asynchttpclient.netty.request.NettyRequestSender - Using open Channel [id: 0x836ca8f8, L:/127.0.0.1:49630 - R:localhost/127.0.0.1:60517] for POST '/session/66dde07fd2bda29809aa9ac718ee9c22/timeouts'
19:46:22.703 [AsyncHttpClient-1-5] DEBUG org.asynchttpclient.netty.handler.HttpHandler - 

Request DefaultHttpRequest(decodeResult: success, version: HTTP/1.1)
POST /session/66dde07fd2bda29809aa9ac718ee9c22/timeouts HTTP/1.1
User-Agent: selenium/4.0.0 (java mac)
Content-Length: 22
Content-Type: application/json; charset=utf-8
host: localhost:60517
accept: */*

Response DefaultHttpResponse(decodeResult: success, version: HTTP/1.1)
HTTP/1.1 200 OK
Content-Type: application/json; charset=utf-8
cache-control: no-cache
content-length: 14

19:46:22.704 [AsyncHttpClient-1-5] DEBUG org.asynchttpclient.netty.channel.ChannelManager - Adding key: http://localhost:60517 for channel [id: 0x836ca8f8, L:/127.0.0.1:49630 - R:localhost/127.0.0.1:60517]
19:46:22.707 [Forwarding maximizeCurrentWindow on session 66dde07fd2bda29809aa9ac718ee9c22 to remote] DEBUG org.asynchttpclient.netty.request.NettyRequestSender - Using pooled Channel '[id: 0x836ca8f8, L:/127.0.0.1:49630 - R:localhost/127.0.0.1:60517]' for 'POST' to 'http://localhost:60517/session/66dde07fd2bda29809aa9ac718ee9c22/window/maximize'
19:46:22.707 [Forwarding maximizeCurrentWindow on session 66dde07fd2bda29809aa9ac718ee9c22 to remote] DEBUG org.asynchttpclient.netty.request.NettyRequestSender - Using open Channel [id: 0x836ca8f8, L:/127.0.0.1:49630 - R:localhost/127.0.0.1:60517] for POST '/session/66dde07fd2bda29809aa9ac718ee9c22/window/maximize'
19:46:22.864 [AsyncHttpClient-1-5] DEBUG org.asynchttpclient.netty.handler.HttpHandler - 

Request DefaultHttpRequest(decodeResult: success, version: HTTP/1.1)
POST /session/66dde07fd2bda29809aa9ac718ee9c22/window/maximize HTTP/1.1
User-Agent: selenium/4.0.0 (java mac)
Content-Length: 3
Content-Type: application/json; charset=utf-8
host: localhost:60517
accept: */*

Response DefaultHttpResponse(decodeResult: success, version: HTTP/1.1)
HTTP/1.1 200 OK
Content-Type: application/json; charset=utf-8
cache-control: no-cache
content-length: 50

19:46:22.865 [AsyncHttpClient-1-5] DEBUG org.asynchttpclient.netty.channel.ChannelManager - Adding key: http://localhost:60517 for channel [id: 0x836ca8f8, L:/127.0.0.1:49630 - R:localhost/127.0.0.1:60517]
19:46:22.903 [Forwarding get on session 66dde07fd2bda29809aa9ac718ee9c22 to remote] DEBUG org.asynchttpclient.netty.request.NettyRequestSender - Using pooled Channel '[id: 0x836ca8f8, L:/127.0.0.1:49630 - R:localhost/127.0.0.1:60517]' for 'POST' to 'http://localhost:60517/session/66dde07fd2bda29809aa9ac718ee9c22/url'
19:46:22.903 [Forwarding get on session 66dde07fd2bda29809aa9ac718ee9c22 to remote] DEBUG org.asynchttpclient.netty.request.NettyRequestSender - Using open Channel [id: 0x836ca8f8, L:/127.0.0.1:49630 - R:localhost/127.0.0.1:60517] for POST '/session/66dde07fd2bda29809aa9ac718ee9c22/url'
19:46:23.148 [AsyncHttpClient-1-1] DEBUG org.asynchttpclient.netty.channel.DefaultChannelPool - Entry count for : http://localhost:49631 : 1
19:46:24.248 [AsyncHttpClient-1-1] DEBUG org.asynchttpclient.netty.channel.DefaultChannelPool - Entry count for : http://localhost:49631 : 1
19:46:25.210 [AsyncHttpClient-1-5] DEBUG org.asynchttpclient.netty.handler.HttpHandler - 

Request DefaultHttpRequest(decodeResult: success, version: HTTP/1.1)
POST /session/66dde07fd2bda29809aa9ac718ee9c22/url HTTP/1.1
User-Agent: selenium/4.0.0 (java mac)
Content-Length: 56
Content-Type: application/json; charset=utf-8
host: localhost:60517
accept: */*

Response DefaultHttpResponse(decodeResult: success, version: HTTP/1.1)
HTTP/1.1 200 OK
Content-Type: application/json; charset=utf-8
cache-control: no-cache
content-length: 14

19:46:25.211 [AsyncHttpClient-1-5] DEBUG org.asynchttpclient.netty.channel.ChannelManager - Adding key: http://localhost:60517 for channel [id: 0x836ca8f8, L:/127.0.0.1:49630 - R:localhost/127.0.0.1:60517]
19:46:25.215 [Forwarding get on session 66dde07fd2bda29809aa9ac718ee9c22 to remote] DEBUG org.asynchttpclient.netty.request.NettyRequestSender - Using pooled Channel '[id: 0x836ca8f8, L:/127.0.0.1:49630 - R:localhost/127.0.0.1:60517]' for 'POST' to 'http://localhost:60517/session/66dde07fd2bda29809aa9ac718ee9c22/url'
19:46:25.215 [Forwarding get on session 66dde07fd2bda29809aa9ac718ee9c22 to remote] DEBUG org.asynchttpclient.netty.request.NettyRequestSender - Using open Channel [id: 0x836ca8f8, L:/127.0.0.1:49630 - R:localhost/127.0.0.1:60517] for POST '/session/66dde07fd2bda29809aa9ac718ee9c22/url'
19:46:25.348 [AsyncHttpClient-1-1] DEBUG org.asynchttpclient.netty.channel.DefaultChannelPool - Entry count for : http://localhost:49631 : 1
19:46:25.954 [AsyncHttpClient-1-5] DEBUG org.asynchttpclient.netty.handler.HttpHandler - 

Request DefaultHttpRequest(decodeResult: success, version: HTTP/1.1)
POST /session/66dde07fd2bda29809aa9ac718ee9c22/url HTTP/1.1
User-Agent: selenium/4.0.0 (java mac)
Content-Length: 50
Content-Type: application/json; charset=utf-8
host: localhost:60517
accept: */*

Response DefaultHttpResponse(decodeResult: success, version: HTTP/1.1)
HTTP/1.1 200 OK
Content-Type: application/json; charset=utf-8
cache-control: no-cache
content-length: 14

19:46:25.954 [AsyncHttpClient-1-5] DEBUG org.asynchttpclient.netty.channel.ChannelManager - Adding key: http://localhost:60517 for channel [id: 0x836ca8f8, L:/127.0.0.1:49630 - R:localhost/127.0.0.1:60517]
19:46:25.958 [Forwarding maximizeCurrentWindow on session 66dde07fd2bda29809aa9ac718ee9c22 to remote] DEBUG org.asynchttpclient.netty.request.NettyRequestSender - Using pooled Channel '[id: 0x836ca8f8, L:/127.0.0.1:49630 - R:localhost/127.0.0.1:60517]' for 'POST' to 'http://localhost:60517/session/66dde07fd2bda29809aa9ac718ee9c22/window/maximize'
19:46:25.958 [Forwarding maximizeCurrentWindow on session 66dde07fd2bda29809aa9ac718ee9c22 to remote] DEBUG org.asynchttpclient.netty.request.NettyRequestSender - Using open Channel [id: 0x836ca8f8, L:/127.0.0.1:49630 - R:localhost/127.0.0.1:60517] for POST '/session/66dde07fd2bda29809aa9ac718ee9c22/window/maximize'
19:46:26.076 [AsyncHttpClient-1-5] DEBUG org.asynchttpclient.netty.handler.HttpHandler - 

Request DefaultHttpRequest(decodeResult: success, version: HTTP/1.1)
POST /session/66dde07fd2bda29809aa9ac718ee9c22/window/maximize HTTP/1.1
User-Agent: selenium/4.0.0 (java mac)
Content-Length: 3
Content-Type: application/json; charset=utf-8
host: localhost:60517
accept: */*

Response DefaultHttpResponse(decodeResult: success, version: HTTP/1.1)
HTTP/1.1 200 OK
Content-Type: application/json; charset=utf-8
cache-control: no-cache
content-length: 50

19:46:26.077 [AsyncHttpClient-1-5] DEBUG org.asynchttpclient.netty.channel.ChannelManager - Adding key: http://localhost:60517 for channel [id: 0x836ca8f8, L:/127.0.0.1:49630 - R:localhost/127.0.0.1:60517]
19:46:26.082 [Forwarding findElement on session 66dde07fd2bda29809aa9ac718ee9c22 to remote] DEBUG org.asynchttpclient.netty.request.NettyRequestSender - Using pooled Channel '[id: 0x836ca8f8, L:/127.0.0.1:49630 - R:localhost/127.0.0.1:60517]' for 'POST' to 'http://localhost:60517/session/66dde07fd2bda29809aa9ac718ee9c22/element'
19:46:26.082 [Forwarding findElement on session 66dde07fd2bda29809aa9ac718ee9c22 to remote] DEBUG org.asynchttpclient.netty.request.NettyRequestSender - Using open Channel [id: 0x836ca8f8, L:/127.0.0.1:49630 - R:localhost/127.0.0.1:60517] for POST '/session/66dde07fd2bda29809aa9ac718ee9c22/element'
19:46:26.161 [AsyncHttpClient-1-5] DEBUG org.asynchttpclient.netty.handler.HttpHandler - 

Request DefaultHttpRequest(decodeResult: success, version: HTTP/1.1)
POST /session/66dde07fd2bda29809aa9ac718ee9c22/element HTTP/1.1
User-Agent: selenium/4.0.0 (java mac)
Content-Length: 56
Content-Type: application/json; charset=utf-8
host: localhost:60517
accept: */*

Response DefaultHttpResponse(decodeResult: success, version: HTTP/1.1)
HTTP/1.1 200 OK
Content-Type: application/json; charset=utf-8
cache-control: no-cache
content-length: 88

19:46:26.161 [AsyncHttpClient-1-5] DEBUG org.asynchttpclient.netty.channel.ChannelManager - Adding key: http://localhost:60517 for channel [id: 0x836ca8f8, L:/127.0.0.1:49630 - R:localhost/127.0.0.1:60517]
19:46:26.166 [Forwarding sendKeysToElement on session 66dde07fd2bda29809aa9ac718ee9c22 to remote] DEBUG org.asynchttpclient.netty.request.NettyRequestSender - Using pooled Channel '[id: 0x836ca8f8, L:/127.0.0.1:49630 - R:localhost/127.0.0.1:60517]' for 'POST' to 'http://localhost:60517/session/66dde07fd2bda29809aa9ac718ee9c22/element/16c169d2-cdf6-441c-93c7-bed49068a9ef/value'
19:46:26.167 [Forwarding sendKeysToElement on session 66dde07fd2bda29809aa9ac718ee9c22 to remote] DEBUG org.asynchttpclient.netty.request.NettyRequestSender - Using open Channel [id: 0x836ca8f8, L:/127.0.0.1:49630 - R:localhost/127.0.0.1:60517] for POST '/session/66dde07fd2bda29809aa9ac718ee9c22/element/16c169d2-cdf6-441c-93c7-bed49068a9ef/value'
19:46:26.447 [AsyncHttpClient-1-1] DEBUG org.asynchttpclient.netty.channel.DefaultChannelPool - Entry count for : http://localhost:49631 : 1
19:46:26.850 [AsyncHttpClient-1-5] DEBUG org.asynchttpclient.netty.handler.HttpHandler - 

Request DefaultHttpRequest(decodeResult: success, version: HTTP/1.1)
POST /session/66dde07fd2bda29809aa9ac718ee9c22/element/16c169d2-cdf6-441c-93c7-bed49068a9ef/value HTTP/1.1
User-Agent: selenium/4.0.0 (java mac)
Content-Length: 211
Content-Type: application/json; charset=utf-8
host: localhost:60517
accept: */*

Response DefaultHttpResponse(decodeResult: success, version: HTTP/1.1)
HTTP/1.1 200 OK
Content-Type: application/json; charset=utf-8
cache-control: no-cache
content-length: 14

19:46:26.851 [AsyncHttpClient-1-5] DEBUG org.asynchttpclient.netty.channel.ChannelManager - Adding key: http://localhost:60517 for channel [id: 0x836ca8f8, L:/127.0.0.1:49630 - R:localhost/127.0.0.1:60517]
19:46:26.856 [Forwarding findElement on session 66dde07fd2bda29809aa9ac718ee9c22 to remote] DEBUG org.asynchttpclient.netty.request.NettyRequestSender - Using pooled Channel '[id: 0x836ca8f8, L:/127.0.0.1:49630 - R:localhost/127.0.0.1:60517]' for 'POST' to 'http://localhost:60517/session/66dde07fd2bda29809aa9ac718ee9c22/element'
19:46:26.856 [Forwarding findElement on session 66dde07fd2bda29809aa9ac718ee9c22 to remote] DEBUG org.asynchttpclient.netty.request.NettyRequestSender - Using open Channel [id: 0x836ca8f8, L:/127.0.0.1:49630 - R:localhost/127.0.0.1:60517] for POST '/session/66dde07fd2bda29809aa9ac718ee9c22/element'
19:46:26.883 [AsyncHttpClient-1-5] DEBUG org.asynchttpclient.netty.handler.HttpHandler - 

Request DefaultHttpRequest(decodeResult: success, version: HTTP/1.1)
POST /session/66dde07fd2bda29809aa9ac718ee9c22/element HTTP/1.1
User-Agent: selenium/4.0.0 (java mac)
Content-Length: 53
Content-Type: application/json; charset=utf-8
host: localhost:60517
accept: */*

Response DefaultHttpResponse(decodeResult: success, version: HTTP/1.1)
HTTP/1.1 200 OK
Content-Type: application/json; charset=utf-8
cache-control: no-cache
content-length: 88

19:46:26.883 [AsyncHttpClient-1-5] DEBUG org.asynchttpclient.netty.channel.ChannelManager - Adding key: http://localhost:60517 for channel [id: 0x836ca8f8, L:/127.0.0.1:49630 - R:localhost/127.0.0.1:60517]
19:46:26.889 [Forwarding sendKeysToElement on session 66dde07fd2bda29809aa9ac718ee9c22 to remote] DEBUG org.asynchttpclient.netty.request.NettyRequestSender - Using pooled Channel '[id: 0x836ca8f8, L:/127.0.0.1:49630 - R:localhost/127.0.0.1:60517]' for 'POST' to 'http://localhost:60517/session/66dde07fd2bda29809aa9ac718ee9c22/element/b16b1c5f-2b36-4708-8880-42c205749790/value'
19:46:26.889 [Forwarding sendKeysToElement on session 66dde07fd2bda29809aa9ac718ee9c22 to remote] DEBUG org.asynchttpclient.netty.request.NettyRequestSender - Using open Channel [id: 0x836ca8f8, L:/127.0.0.1:49630 - R:localhost/127.0.0.1:60517] for POST '/session/66dde07fd2bda29809aa9ac718ee9c22/element/b16b1c5f-2b36-4708-8880-42c205749790/value'
19:46:27.370 [AsyncHttpClient-1-5] DEBUG org.asynchttpclient.netty.handler.HttpHandler - 

Request DefaultHttpRequest(decodeResult: success, version: HTTP/1.1)
POST /session/66dde07fd2bda29809aa9ac718ee9c22/element/b16b1c5f-2b36-4708-8880-42c205749790/value HTTP/1.1
User-Agent: selenium/4.0.0 (java mac)
Content-Length: 201
Content-Type: application/json; charset=utf-8
host: localhost:60517
accept: */*

Response DefaultHttpResponse(decodeResult: success, version: HTTP/1.1)
HTTP/1.1 200 OK
Content-Type: application/json; charset=utf-8
cache-control: no-cache
content-length: 14

19:46:27.371 [AsyncHttpClient-1-5] DEBUG org.asynchttpclient.netty.channel.ChannelManager - Adding key: http://localhost:60517 for channel [id: 0x836ca8f8, L:/127.0.0.1:49630 - R:localhost/127.0.0.1:60517]
19:46:27.375 [Forwarding findElement on session 66dde07fd2bda29809aa9ac718ee9c22 to remote] DEBUG org.asynchttpclient.netty.request.NettyRequestSender - Using pooled Channel '[id: 0x836ca8f8, L:/127.0.0.1:49630 - R:localhost/127.0.0.1:60517]' for 'POST' to 'http://localhost:60517/session/66dde07fd2bda29809aa9ac718ee9c22/element'
19:46:27.375 [Forwarding findElement on session 66dde07fd2bda29809aa9ac718ee9c22 to remote] DEBUG org.asynchttpclient.netty.request.NettyRequestSender - Using open Channel [id: 0x836ca8f8, L:/127.0.0.1:49630 - R:localhost/127.0.0.1:60517] for POST '/session/66dde07fd2bda29809aa9ac718ee9c22/element'
19:46:27.405 [AsyncHttpClient-1-5] DEBUG org.asynchttpclient.netty.handler.HttpHandler - 

Request DefaultHttpRequest(decodeResult: success, version: HTTP/1.1)
POST /session/66dde07fd2bda29809aa9ac718ee9c22/element HTTP/1.1
User-Agent: selenium/4.0.0 (java mac)
Content-Length: 59
Content-Type: application/json; charset=utf-8
host: localhost:60517
accept: */*

Response DefaultHttpResponse(decodeResult: success, version: HTTP/1.1)
HTTP/1.1 200 OK
Content-Type: application/json; charset=utf-8
cache-control: no-cache
content-length: 88

19:46:27.405 [AsyncHttpClient-1-5] DEBUG org.asynchttpclient.netty.channel.ChannelManager - Adding key: http://localhost:60517 for channel [id: 0x836ca8f8, L:/127.0.0.1:49630 - R:localhost/127.0.0.1:60517]
19:46:27.409 [Forwarding clickElement on session 66dde07fd2bda29809aa9ac718ee9c22 to remote] DEBUG org.asynchttpclient.netty.request.NettyRequestSender - Using pooled Channel '[id: 0x836ca8f8, L:/127.0.0.1:49630 - R:localhost/127.0.0.1:60517]' for 'POST' to 'http://localhost:60517/session/66dde07fd2bda29809aa9ac718ee9c22/element/01e64b3c-bdc6-4719-8ab0-f5ac5905c149/click'
19:46:27.410 [Forwarding clickElement on session 66dde07fd2bda29809aa9ac718ee9c22 to remote] DEBUG org.asynchttpclient.netty.request.NettyRequestSender - Using open Channel [id: 0x836ca8f8, L:/127.0.0.1:49630 - R:localhost/127.0.0.1:60517] for POST '/session/66dde07fd2bda29809aa9ac718ee9c22/element/01e64b3c-bdc6-4719-8ab0-f5ac5905c149/click'
19:46:27.549 [AsyncHttpClient-1-1] DEBUG org.asynchttpclient.netty.channel.DefaultChannelPool - Entry count for : http://localhost:49631 : 1
19:46:27.925 [AsyncHttpClient-1-5] DEBUG org.asynchttpclient.netty.handler.HttpHandler - 

Request DefaultHttpRequest(decodeResult: success, version: HTTP/1.1)
POST /session/66dde07fd2bda29809aa9ac718ee9c22/element/01e64b3c-bdc6-4719-8ab0-f5ac5905c149/click HTTP/1.1
User-Agent: selenium/4.0.0 (java mac)
Content-Length: 50
Content-Type: application/json; charset=utf-8
host: localhost:60517
accept: */*

Response DefaultHttpResponse(decodeResult: success, version: HTTP/1.1)
HTTP/1.1 200 OK
Content-Type: application/json; charset=utf-8
cache-control: no-cache
content-length: 14

19:46:27.925 [AsyncHttpClient-1-5] DEBUG org.asynchttpclient.netty.channel.ChannelManager - Adding key: http://localhost:60517 for channel [id: 0x836ca8f8, L:/127.0.0.1:49630 - R:localhost/127.0.0.1:60517]
19:46:27.932 [Forwarding findElement on session 66dde07fd2bda29809aa9ac718ee9c22 to remote] DEBUG org.asynchttpclient.netty.request.NettyRequestSender - Using pooled Channel '[id: 0x836ca8f8, L:/127.0.0.1:49630 - R:localhost/127.0.0.1:60517]' for 'POST' to 'http://localhost:60517/session/66dde07fd2bda29809aa9ac718ee9c22/element'
19:46:27.932 [Forwarding findElement on session 66dde07fd2bda29809aa9ac718ee9c22 to remote] DEBUG org.asynchttpclient.netty.request.NettyRequestSender - Using open Channel [id: 0x836ca8f8, L:/127.0.0.1:49630 - R:localhost/127.0.0.1:60517] for POST '/session/66dde07fd2bda29809aa9ac718ee9c22/element'
19:46:28.648 [AsyncHttpClient-1-1] DEBUG org.asynchttpclient.netty.channel.DefaultChannelPool - Entry count for : http://localhost:49631 : 1
19:46:29.749 [AsyncHttpClient-1-1] DEBUG org.asynchttpclient.netty.channel.DefaultChannelPool - Entry count for : http://localhost:49631 : 1
19:46:30.851 [AsyncHttpClient-1-1] DEBUG org.asynchttpclient.netty.channel.DefaultChannelPool - Entry count for : http://localhost:49631 : 1
19:46:31.138 [AsyncHttpClient-1-5] DEBUG org.asynchttpclient.netty.handler.HttpHandler - 

Request DefaultHttpRequest(decodeResult: success, version: HTTP/1.1)
POST /session/66dde07fd2bda29809aa9ac718ee9c22/element HTTP/1.1
User-Agent: selenium/4.0.0 (java mac)
Content-Length: 56
Content-Type: application/json; charset=utf-8
host: localhost:60517
accept: */*

Response DefaultHttpResponse(decodeResult: success, version: HTTP/1.1)
HTTP/1.1 404 Not Found
Content-Type: application/json; charset=utf-8
cache-control: no-cache
content-length: 1935

19:46:31.139 [AsyncHttpClient-1-5] DEBUG org.asynchttpclient.netty.channel.ChannelManager - Adding key: http://localhost:60517 for channel [id: 0x836ca8f8, L:/127.0.0.1:49630 - R:localhost/127.0.0.1:60517]
]]></system-out>
    <system-err><![CDATA[Starting ChromeDriver 98.0.4758.102 (273bf7ac8c909cde36982d27f66f3c70846a3718-refs/branch-heads/4758@{#1151}) on port 60517
Only local connections are allowed.
Please see https://chromedriver.chromium.org/security-considerations for suggestions on keeping ChromeDriver safe.
ChromeDriver was started successfully.
февр. 26, 2022 7:46:22 PM org.openqa.selenium.remote.ProtocolHandshake createSession
INFO: Detected dialect: W3C
февр. 26, 2022 7:46:22 PM org.openqa.selenium.devtools.CdpVersionFinder findNearestMatch
WARNING: Unable to find an exact match for CDP version 98, so returning the closest version found: 95
февр. 26, 2022 7:46:22 PM org.openqa.selenium.devtools.CdpVersionFinder findNearestMatch
INFO: Found CDP implementation for version 98 of 95
]]></system-err>
  </testcase>
</testsuite>